0 info it worked if it ends with ok
1 verbose cli [ '/usr/bin/node',
1 verbose cli   '/usr/bin/npm',
1 verbose cli   'install',
1 verbose cli   '-g',
1 verbose cli   'selenium-webdriver' ]
2 info using npm@2.15.9
3 info using node@v4.6.1
4 verbose install initial load of /usr/lib/package.json
5 verbose readDependencies loading dependencies from /usr/lib/package.json
6 silly cache add args [ 'selenium-webdriver', null ]
7 verbose cache add spec selenium-webdriver
8 silly cache add parsed spec Result {
8 silly cache add   raw: 'selenium-webdriver',
8 silly cache add   scope: null,
8 silly cache add   name: 'selenium-webdriver',
8 silly cache add   rawSpec: '',
8 silly cache add   spec: 'latest',
8 silly cache add   type: 'tag' }
9 silly addNamed selenium-webdriver@latest
10 verbose addNamed "latest" is being treated as a dist-tag for selenium-webdriver
11 info addNameTag [ 'selenium-webdriver', 'latest' ]
12 silly mapToRegistry name selenium-webdriver
13 silly mapToRegistry using default registry
14 silly mapToRegistry registry https://registry.npmjs.org/
15 silly mapToRegistry data Result {
15 silly mapToRegistry   raw: 'selenium-webdriver',
15 silly mapToRegistry   scope: null,
15 silly mapToRegistry   name: 'selenium-webdriver',
15 silly mapToRegistry   rawSpec: '',
15 silly mapToRegistry   spec: 'latest',
15 silly mapToRegistry   type: 'tag' }
16 silly mapToRegistry uri https://registry.npmjs.org/selenium-webdriver
17 verbose addNameTag registry:https://registry.npmjs.org/selenium-webdriver not in flight; fetching
18 verbose request uri https://registry.npmjs.org/selenium-webdriver
19 verbose request no auth needed
20 info attempt registry request try #1 at 8:44:00 AM
21 verbose request id 9407b0ea9139065f
22 http request GET https://registry.npmjs.org/selenium-webdriver
23 http 200 https://registry.npmjs.org/selenium-webdriver
24 verbose headers { date: 'Thu, 08 Nov 2018 16:44:01 GMT',
24 verbose headers   'content-type': 'application/json',
24 verbose headers   'transfer-encoding': 'chunked',
24 verbose headers   connection: 'keep-alive',
24 verbose headers   'set-cookie': [ '__cfduid=da82a480144f4d835c720e0c67c4106fa1541695441; expires=Fri, 08-Nov-19 16:44:01 GMT; path=/; domain=.registry.npmjs.org; HttpOnly' ],
24 verbose headers   'cf-cache-status': 'HIT',
24 verbose headers   'cache-control': 'max-age=300',
24 verbose headers   'cf-ray': '4769807edeec6d18-SJC',
24 verbose headers   etag: 'W/"9f54eaea221a78e99664dcc21528e674"',
24 verbose headers   'expect-ct': 'max-age=604800, report-uri="https://report-uri.cloudflare.com/cdn-cgi/beacon/expect-ct"',
24 verbose headers   'last-modified': 'Thu, 11 Oct 2018 07:47:11 GMT',
24 verbose headers   vary: 'accept-encoding, accept',
24 verbose headers   'x-amz-meta-rev': '283-274e2eeb937bbb3b8b260df7c55386c8',
24 verbose headers   server: 'cloudflare',
24 verbose headers   'content-encoding': 'gzip' }
25 silly get cb [ 200,
25 silly get   { date: 'Thu, 08 Nov 2018 16:44:01 GMT',
25 silly get     'content-type': 'application/json',
25 silly get     'transfer-encoding': 'chunked',
25 silly get     connection: 'keep-alive',
25 silly get     'set-cookie': [ '__cfduid=da82a480144f4d835c720e0c67c4106fa1541695441; expires=Fri, 08-Nov-19 16:44:01 GMT; path=/; domain=.registry.npmjs.org; HttpOnly' ],
25 silly get     'cf-cache-status': 'HIT',
25 silly get     'cache-control': 'max-age=300',
25 silly get     'cf-ray': '4769807edeec6d18-SJC',
25 silly get     etag: 'W/"9f54eaea221a78e99664dcc21528e674"',
25 silly get     'expect-ct': 'max-age=604800, report-uri="https://report-uri.cloudflare.com/cdn-cgi/beacon/expect-ct"',
25 silly get     'last-modified': 'Thu, 11 Oct 2018 07:47:11 GMT',
25 silly get     vary: 'accept-encoding, accept',
25 silly get     'x-amz-meta-rev': '283-274e2eeb937bbb3b8b260df7c55386c8',
25 silly get     server: 'cloudflare',
25 silly get     'content-encoding': 'gzip' } ]
26 verbose get saving selenium-webdriver to /home/dkerr/.npm/registry.npmjs.org/selenium-webdriver/.cache.json
27 verbose correctMkdir /home/dkerr/.npm correctMkdir not in flight; initializing
28 verbose makeDirectory /home/dkerr/.npm creation not in flight; initializing
29 silly makeDirectory /home/dkerr/.npm uid: 11229 gid: 221
30 silly addNameTag next cb for selenium-webdriver with tag latest
31 silly addNamed selenium-webdriver@4.0.0-alpha.1
32 verbose addNamed "4.0.0-alpha.1" is a plain semver version for selenium-webdriver
33 silly mapToRegistry name selenium-webdriver
34 silly mapToRegistry using default registry
35 silly mapToRegistry registry https://registry.npmjs.org/
36 silly mapToRegistry data Result {
36 silly mapToRegistry   raw: 'selenium-webdriver',
36 silly mapToRegistry   scope: null,
36 silly mapToRegistry   name: 'selenium-webdriver',
36 silly mapToRegistry   rawSpec: '',
36 silly mapToRegistry   spec: 'latest',
36 silly mapToRegistry   type: 'tag' }
37 silly mapToRegistry uri https://registry.npmjs.org/selenium-webdriver
38 verbose addRemoteTarball https://registry.npmjs.org/selenium-webdriver/-/selenium-webdriver-4.0.0-alpha.1.tgz not in flight; adding
39 verbose addRemoteTarball [ 'https://registry.npmjs.org/selenium-webdriver/-/selenium-webdriver-4.0.0-alpha.1.tgz',
39 verbose addRemoteTarball   'cc93415e21d2dc1dfd85dfc5f6b55f3ac53933b1' ]
40 info retry fetch attempt 1 at 8:44:01 AM
41 info attempt registry request try #1 at 8:44:01 AM
42 http fetch GET https://registry.npmjs.org/selenium-webdriver/-/selenium-webdriver-4.0.0-alpha.1.tgz
43 http fetch 200 https://registry.npmjs.org/selenium-webdriver/-/selenium-webdriver-4.0.0-alpha.1.tgz
44 silly fetchAndShaCheck shasum cc93415e21d2dc1dfd85dfc5f6b55f3ac53933b1
45 verbose addTmpTarball /tmp/npm-12979-36d25b73/registry.npmjs.org/selenium-webdriver/-/selenium-webdriver-4.0.0-alpha.1.tgz not in flight; adding
46 verbose addTmpTarball already have metadata; skipping unpack for selenium-webdriver@4.0.0-alpha.1
47 verbose correctMkdir /home/dkerr/.npm correctMkdir not in flight; initializing
48 silly cache afterAdd selenium-webdriver@4.0.0-alpha.1
49 verbose afterAdd /home/dkerr/.npm/selenium-webdriver/4.0.0-alpha.1/package/package.json not in flight; writing
50 verbose correctMkdir /home/dkerr/.npm correctMkdir not in flight; initializing
51 verbose afterAdd /home/dkerr/.npm/selenium-webdriver/4.0.0-alpha.1/package/package.json written
52 silly install resolved [ { name: 'selenium-webdriver',
52 silly install resolved     version: '4.0.0-alpha.1',
52 silly install resolved     description: 'The official WebDriver JavaScript bindings from the Selenium project',
52 silly install resolved     license: 'Apache-2.0',
52 silly install resolved     keywords: [ 'automation', 'selenium', 'testing', 'webdriver', 'webdriverjs' ],
52 silly install resolved     homepage: 'https://github.com/SeleniumHQ/selenium',
52 silly install resolved     bugs: { url: 'https://github.com/SeleniumHQ/selenium/issues' },
52 silly install resolved     main: './index',
52 silly install resolved     repository:
52 silly install resolved      { type: 'git',
52 silly install resolved        url: 'git+https://github.com/SeleniumHQ/selenium.git' },
52 silly install resolved     engines: { node: '>= 8.9.0' },
52 silly install resolved     dependencies:
52 silly install resolved      { jszip: '^3.1.3',
52 silly install resolved        rimraf: '^2.5.4',
52 silly install resolved        tmp: '0.0.30',
52 silly install resolved        xml2js: '^0.4.17' },
52 silly install resolved     devDependencies:
52 silly install resolved      { express: '^4.14.0',
52 silly install resolved        jasmine: '^2.8.0',
52 silly install resolved        mocha: '^3.1.2',
52 silly install resolved        multer: '^1.2.0',
52 silly install resolved        'promises-aplus-tests': '^2.1.2',
52 silly install resolved        'serve-index': '^1.8.0',
52 silly install resolved        sinon: '^1.17.6' },
52 silly install resolved     scripts:
52 silly install resolved      { test: 'mocha -t 600000 --recursive test',
52 silly install resolved        'test-jasmine': 'jasmine JASMINE_CONFIG_PATH=jasmine.json' },
52 silly install resolved     _id: 'selenium-webdriver@4.0.0-alpha.1',
52 silly install resolved     _npmVersion: '5.5.1',
52 silly install resolved     _nodeVersion: '8.9.1',
52 silly install resolved     _npmUser: { name: 'jmleyba', email: 'jmleyba@gmail.com' },
52 silly install resolved     maintainers: [ [Object] ],
52 silly install resolved     dist:
52 silly install resolved      { integrity: 'sha512-z88rdjHAv3jmTZ7KSGUkTvo4rGzcDGMq0oXWHNIDK96Gs31JKVdu9+FMtT4KBrVoibg8dUicJDok6GnqqttO5Q==',
52 silly install resolved        shasum: 'cc93415e21d2dc1dfd85dfc5f6b55f3ac53933b1',
52 silly install resolved        tarball: 'https://registry.npmjs.org/selenium-webdriver/-/selenium-webdriver-4.0.0-alpha.1.tgz' },
52 silly install resolved     _npmOperationalInternal:
52 silly install resolved      { host: 's3://npm-registry-packages',
52 silly install resolved        tmp: 'tmp/selenium-webdriver-4.0.0-alpha.1.tgz_1515862657200_0.4363542755600065' },
52 silly install resolved     directories: {},
52 silly install resolved     _shasum: 'cc93415e21d2dc1dfd85dfc5f6b55f3ac53933b1',
52 silly install resolved     _resolved: 'https://registry.npmjs.org/selenium-webdriver/-/selenium-webdriver-4.0.0-alpha.1.tgz',
52 silly install resolved     _from: 'selenium-webdriver@latest' } ]
53 info install selenium-webdriver@4.0.0-alpha.1 into /usr/lib
54 info installOne selenium-webdriver@4.0.0-alpha.1
55 verbose installOne of selenium-webdriver to /usr/lib not in flight; installing
56 verbose correctMkdir /home/dkerr/.npm/_locks correctMkdir not in flight; initializing
57 verbose makeDirectory /home/dkerr/.npm/_locks creation not in flight; initializing
58 silly makeDirectory /home/dkerr/.npm/_locks uid: 11229 gid: 221
59 verbose lock using /home/dkerr/.npm/_locks/selenium-webdriver-2e3d8d79c3055201.lock for /usr/lib/node_modules/selenium-webdriver
60 warn engine selenium-webdriver@4.0.0-alpha.1: wanted: {"node":">= 8.9.0"} (current: {"node":"4.6.1","npm":"2.15.9"})
61 silly install write writing selenium-webdriver 4.0.0-alpha.1 to /usr/lib/node_modules/selenium-webdriver
62 verbose unbuild lib/node_modules/selenium-webdriver
63 silly gentlyRm /usr/lib/node_modules/selenium-webdriver is being purged from base /usr
64 verbose gentlyRm don't care about contents; nuking /usr/lib/node_modules/selenium-webdriver
65 verbose tar unpack /home/dkerr/.npm/selenium-webdriver/4.0.0-alpha.1/package.tgz
66 verbose tar unpacking to /usr/lib/node_modules/selenium-webdriver
67 silly gentlyRm /usr/lib/node_modules/selenium-webdriver is being purged
68 verbose gentlyRm don't care about contents; nuking /usr/lib/node_modules/selenium-webdriver
69 silly gunzTarPerm modes [ '755', '644' ]
70 error tar.unpack untar error /home/dkerr/.npm/selenium-webdriver/4.0.0-alpha.1/package.tgz
71 verbose unlock done using /home/dkerr/.npm/_locks/selenium-webdriver-2e3d8d79c3055201.lock for /usr/lib/node_modules/selenium-webdriver
72 verbose fstream_path /usr/lib/node_modules/selenium-webdriver
73 verbose fstream_type Directory
74 verbose fstream_class DirWriter
75 verbose stack Error: EACCES: permission denied, mkdir '/usr/lib/node_modules/selenium-webdriver'
75 verbose stack     at Error (native)
76 verbose fstream_stack /usr/lib/node_modules/npm/node_modules/fstream/lib/dir-writer.js:35:25
76 verbose fstream_stack /usr/lib/node_modules/npm/node_modules/mkdirp/index.js:47:53
76 verbose fstream_stack FSReqWrap.oncomplete (fs.js:82:15)
77 verbose cwd /newhome/dkerr/.vim
78 error Linux 2.6.32-642.4.2.el6.x86_64
79 error argv "/usr/bin/node" "/usr/bin/npm" "install" "-g" "selenium-webdriver"
80 error node v4.6.1
81 error npm  v2.15.9
82 error path /usr/lib/node_modules/selenium-webdriver
83 error code EACCES
84 error errno -13
85 error syscall mkdir
86 error Error: EACCES: permission denied, mkdir '/usr/lib/node_modules/selenium-webdriver'
86 error     at Error (native)
86 error  { [Error: EACCES: permission denied, mkdir '/usr/lib/node_modules/selenium-webdriver']
86 error   errno: -13,
86 error   code: 'EACCES',
86 error   syscall: 'mkdir',
86 error   path: '/usr/lib/node_modules/selenium-webdriver',
86 error   fstream_type: 'Directory',
86 error   fstream_path: '/usr/lib/node_modules/selenium-webdriver',
86 error   fstream_class: 'DirWriter',
86 error   fstream_stack:
86 error    [ '/usr/lib/node_modules/npm/node_modules/fstream/lib/dir-writer.js:35:25',
86 error      '/usr/lib/node_modules/npm/node_modules/mkdirp/index.js:47:53',
86 error      'FSReqWrap.oncomplete (fs.js:82:15)' ] }
87 error Please try running this command again as root/Administrator.
88 verbose exit [ -13, true ]
89 verbose unbuild lib/node_modules/selenium-webdriver
90 silly gentlyRm /usr/lib/node_modules/selenium-webdriver is being purged from base /usr
91 verbose gentlyRm don't care about contents; nuking /usr/lib/node_modules/selenium-webdriver
